Flow report for stopwatch
Sun Oct 20 23:54:14 2019
Quartus II 64-Bit Version 13.0.1 Build 232 06/12/2013 Service Pack 1 SJ Web Edition


---------------------
; Table of Contents ;
---------------------
  1. Legal Notice
  2. Flow Summary
  3. Flow Settings
  4. Flow Non-Default Global Settings
  5. Flow Elapsed Time
  6. Flow OS Summary
  7. Flow Log
  8. Flow Messages
  9. Flow Suppressed Messages



----------------
; Legal Notice ;
----------------
Copyright (C) 1991-2013 Altera Corporation
Your use of Altera Corporation's design tools, logic functions 
and other software and tools, and its AMPP partner logic 
functions, and any output files from any of the foregoing 
(including device programming or simulation files), and any 
associated documentation or information are expressly subject 
to the terms and conditions of the Altera Program License 
Subscription Agreement, Altera MegaCore Function License 
Agreement, or other applicable license agreement, including, 
without limitation, that your use is for the sole purpose of 
programming logic devices manufactured by Altera and sold by 
Altera or its authorized distributors.  Please refer to the 
applicable agreement for further details.



+--------------------------------------------------------------------------------------+
; Flow Summary                                                                         ;
+------------------------------------+-------------------------------------------------+
; Flow Status                        ; Successful - Sun Oct 20 23:54:12 2019           ;
; Quartus II 64-Bit Version          ; 13.0.1 Build 232 06/12/2013 SP 1 SJ Web Edition ;
; Revision Name                      ; stopwatch                                       ;
; Top-level Entity Name              ; montre_sys                                      ;
; Family                             ; Cyclone II                                      ;
; Device                             ; EP2C20F484C7                                    ;
; Timing Models                      ; Final                                           ;
; Total logic elements               ; 2,750 / 18,752 ( 15 % )                         ;
;     Total combinational functions  ; 2,390 / 18,752 ( 13 % )                         ;
;     Dedicated logic registers      ; 1,774 / 18,752 ( 9 % )                          ;
; Total registers                    ; 1842                                            ;
; Total pins                         ; 99 / 315 ( 31 % )                               ;
; Total virtual pins                 ; 0                                               ;
; Total memory bits                  ; 11,264 / 239,616 ( 5 % )                        ;
; Embedded Multiplier 9-bit elements ; 0 / 52 ( 0 % )                                  ;
; Total PLLs                         ; 1 / 4 ( 25 % )                                  ;
+------------------------------------+-------------------------------------------------+


+-----------------------------------------+
; Flow Settings                           ;
+-------------------+---------------------+
; Option            ; Setting             ;
+-------------------+---------------------+
; Start date & time ; 10/20/2019 23:53:45 ;
; Main task         ; Compilation         ;
; Revision Name     ; stopwatch           ;
+-------------------+---------------------+


+------------------------------------------------------------------------------------------------------------------------------------------------------------------+
; Flow Non-Default Global Settings                                                                                                                                 ;
+-------------------------------------+-------------------------------------------------------------+---------------+---------------------------------+------------+
; Assignment Name                     ; Value                                                       ; Default Value ; Entity Name                     ; Section Id ;
+-------------------------------------+-------------------------------------------------------------+---------------+---------------------------------+------------+
; COMPILER_SIGNATURE_ID               ; 35281969637223.157161202512636                              ; --            ; --                              ; --         ;
; IP_TOOL_ENV                         ; Qsys                                                        ; --            ; altera_avalon_sc_fifo           ; --         ;
; IP_TOOL_ENV                         ; Qsys                                                        ; --            ; altera_merlin_burst_adapter     ; --         ;
; IP_TOOL_ENV                         ; Qsys                                                        ; --            ; altera_merlin_master_agent      ; --         ;
; IP_TOOL_ENV                         ; Qsys                                                        ; --            ; altera_merlin_master_translator ; --         ;
; IP_TOOL_ENV                         ; Qsys                                                        ; --            ; altera_merlin_slave_agent       ; --         ;
; IP_TOOL_ENV                         ; Qsys                                                        ; --            ; altera_merlin_slave_translator  ; --         ;
; IP_TOOL_ENV                         ; Qsys                                                        ; --            ; altera_merlin_width_adapter     ; --         ;
; IP_TOOL_ENV                         ; Qsys                                                        ; --            ; altera_reset_controller         ; --         ;
; IP_TOOL_ENV                         ; Qsys                                                        ; --            ; --                              ; --         ;
; IP_TOOL_ENV                         ; Qsys                                                        ; --            ; stopwatch_CPU                   ; --         ;
; IP_TOOL_ENV                         ; Qsys                                                        ; --            ; stopwatch_JTAG_UART             ; --         ;
; IP_TOOL_ENV                         ; Qsys                                                        ; --            ; stopwatch_SDRAM_CTRL            ; --         ;
; IP_TOOL_ENV                         ; Qsys                                                        ; --            ; stopwatch_SYSTEM_ID             ; --         ;
; IP_TOOL_ENV                         ; Qsys                                                        ; --            ; stopwatch_TIMER                 ; --         ;
; IP_TOOL_ENV                         ; Qsys                                                        ; --            ; stopwatch_addr_router           ; --         ;
; IP_TOOL_ENV                         ; Qsys                                                        ; --            ; stopwatch_addr_router_001       ; --         ;
; IP_TOOL_ENV                         ; Qsys                                                        ; --            ; stopwatch_cmd_xbar_demux        ; --         ;
; IP_TOOL_ENV                         ; Qsys                                                        ; --            ; stopwatch_cmd_xbar_demux_001    ; --         ;
; IP_TOOL_ENV                         ; Qsys                                                        ; --            ; stopwatch_cmd_xbar_mux          ; --         ;
; IP_TOOL_ENV                         ; Qsys                                                        ; --            ; stopwatch_id_router             ; --         ;
; IP_TOOL_ENV                         ; Qsys                                                        ; --            ; stopwatch_id_router_001         ; --         ;
; IP_TOOL_ENV                         ; Qsys                                                        ; --            ; stopwatch_id_router_002         ; --         ;
; IP_TOOL_ENV                         ; Qsys                                                        ; --            ; stopwatch_irq_mapper            ; --         ;
; IP_TOOL_ENV                         ; Qsys                                                        ; --            ; stopwatch_rsp_xbar_demux_002    ; --         ;
; IP_TOOL_ENV                         ; Qsys                                                        ; --            ; stopwatch_rsp_xbar_mux          ; --         ;
; IP_TOOL_ENV                         ; Qsys                                                        ; --            ; stopwatch_rsp_xbar_mux_001      ; --         ;
; IP_TOOL_NAME                        ; altera_avalon_sc_fifo                                       ; --            ; altera_avalon_sc_fifo           ; --         ;
; IP_TOOL_NAME                        ; altera_merlin_burst_adapter                                 ; --            ; altera_merlin_burst_adapter     ; --         ;
; IP_TOOL_NAME                        ; altera_merlin_master_agent                                  ; --            ; altera_merlin_master_agent      ; --         ;
; IP_TOOL_NAME                        ; altera_merlin_master_translator                             ; --            ; altera_merlin_master_translator ; --         ;
; IP_TOOL_NAME                        ; altera_merlin_slave_agent                                   ; --            ; altera_merlin_slave_agent       ; --         ;
; IP_TOOL_NAME                        ; altera_merlin_slave_translator                              ; --            ; altera_merlin_slave_translator  ; --         ;
; IP_TOOL_NAME                        ; altera_merlin_width_adapter                                 ; --            ; altera_merlin_width_adapter     ; --         ;
; IP_TOOL_NAME                        ; altera_reset_controller                                     ; --            ; altera_reset_controller         ; --         ;
; IP_TOOL_NAME                        ; Qsys                                                        ; --            ; --                              ; --         ;
; IP_TOOL_NAME                        ; altera_nios2_qsys                                           ; --            ; stopwatch_CPU                   ; --         ;
; IP_TOOL_NAME                        ; altera_avalon_jtag_uart                                     ; --            ; stopwatch_JTAG_UART             ; --         ;
; IP_TOOL_NAME                        ; altera_avalon_new_sdram_controller                          ; --            ; stopwatch_SDRAM_CTRL            ; --         ;
; IP_TOOL_NAME                        ; altera_avalon_sysid_qsys                                    ; --            ; stopwatch_SYSTEM_ID             ; --         ;
; IP_TOOL_NAME                        ; altera_avalon_timer                                         ; --            ; stopwatch_TIMER                 ; --         ;
; IP_TOOL_NAME                        ; altera_merlin_router                                        ; --            ; stopwatch_addr_router           ; --         ;
; IP_TOOL_NAME                        ; altera_merlin_router                                        ; --            ; stopwatch_addr_router_001       ; --         ;
; IP_TOOL_NAME                        ; altera_merlin_demultiplexer                                 ; --            ; stopwatch_cmd_xbar_demux        ; --         ;
; IP_TOOL_NAME                        ; altera_merlin_demultiplexer                                 ; --            ; stopwatch_cmd_xbar_demux_001    ; --         ;
; IP_TOOL_NAME                        ; altera_merlin_multiplexer                                   ; --            ; stopwatch_cmd_xbar_mux          ; --         ;
; IP_TOOL_NAME                        ; altera_merlin_router                                        ; --            ; stopwatch_id_router             ; --         ;
; IP_TOOL_NAME                        ; altera_merlin_router                                        ; --            ; stopwatch_id_router_001         ; --         ;
; IP_TOOL_NAME                        ; altera_merlin_router                                        ; --            ; stopwatch_id_router_002         ; --         ;
; IP_TOOL_NAME                        ; altera_irq_mapper                                           ; --            ; stopwatch_irq_mapper            ; --         ;
; IP_TOOL_NAME                        ; altera_merlin_demultiplexer                                 ; --            ; stopwatch_rsp_xbar_demux_002    ; --         ;
; IP_TOOL_NAME                        ; altera_merlin_multiplexer                                   ; --            ; stopwatch_rsp_xbar_mux          ; --         ;
; IP_TOOL_NAME                        ; altera_merlin_multiplexer                                   ; --            ; stopwatch_rsp_xbar_mux_001      ; --         ;
; IP_TOOL_VERSION                     ; 13.0                                                        ; --            ; altera_avalon_sc_fifo           ; --         ;
; IP_TOOL_VERSION                     ; 13.0                                                        ; --            ; altera_merlin_burst_adapter     ; --         ;
; IP_TOOL_VERSION                     ; 13.0                                                        ; --            ; altera_merlin_master_agent      ; --         ;
; IP_TOOL_VERSION                     ; 13.0                                                        ; --            ; altera_merlin_master_translator ; --         ;
; IP_TOOL_VERSION                     ; 13.0                                                        ; --            ; altera_merlin_slave_agent       ; --         ;
; IP_TOOL_VERSION                     ; 13.0                                                        ; --            ; altera_merlin_slave_translator  ; --         ;
; IP_TOOL_VERSION                     ; 13.0                                                        ; --            ; altera_merlin_width_adapter     ; --         ;
; IP_TOOL_VERSION                     ; 13.0                                                        ; --            ; altera_reset_controller         ; --         ;
; IP_TOOL_VERSION                     ; 13.0sp1                                                     ; --            ; --                              ; --         ;
; IP_TOOL_VERSION                     ; 13.0                                                        ; --            ; stopwatch_CPU                   ; --         ;
; IP_TOOL_VERSION                     ; 13.0.1.99.2                                                 ; --            ; stopwatch_JTAG_UART             ; --         ;
; IP_TOOL_VERSION                     ; 13.0.1.99.2                                                 ; --            ; stopwatch_SDRAM_CTRL            ; --         ;
; IP_TOOL_VERSION                     ; 13.0                                                        ; --            ; stopwatch_SYSTEM_ID             ; --         ;
; IP_TOOL_VERSION                     ; 13.0.1.99.2                                                 ; --            ; stopwatch_TIMER                 ; --         ;
; IP_TOOL_VERSION                     ; 13.0                                                        ; --            ; stopwatch_addr_router           ; --         ;
; IP_TOOL_VERSION                     ; 13.0                                                        ; --            ; stopwatch_addr_router_001       ; --         ;
; IP_TOOL_VERSION                     ; 13.0                                                        ; --            ; stopwatch_cmd_xbar_demux        ; --         ;
; IP_TOOL_VERSION                     ; 13.0                                                        ; --            ; stopwatch_cmd_xbar_demux_001    ; --         ;
; IP_TOOL_VERSION                     ; 13.0                                                        ; --            ; stopwatch_cmd_xbar_mux          ; --         ;
; IP_TOOL_VERSION                     ; 13.0                                                        ; --            ; stopwatch_id_router             ; --         ;
; IP_TOOL_VERSION                     ; 13.0                                                        ; --            ; stopwatch_id_router_001         ; --         ;
; IP_TOOL_VERSION                     ; 13.0                                                        ; --            ; stopwatch_id_router_002         ; --         ;
; IP_TOOL_VERSION                     ; 13.0                                                        ; --            ; stopwatch_irq_mapper            ; --         ;
; IP_TOOL_VERSION                     ; 13.0                                                        ; --            ; stopwatch_rsp_xbar_demux_002    ; --         ;
; IP_TOOL_VERSION                     ; 13.0                                                        ; --            ; stopwatch_rsp_xbar_mux          ; --         ;
; IP_TOOL_VERSION                     ; 13.0                                                        ; --            ; stopwatch_rsp_xbar_mux_001      ; --         ;
; MAX_CORE_JUNCTION_TEMP              ; 85                                                          ; --            ; --                              ; --         ;
; MIN_CORE_JUNCTION_TEMP              ; 0                                                           ; --            ; --                              ; --         ;
; MISC_FILE                           ; stopwatch/synthesis/../../stopwatch.cmp                     ; --            ; --                              ; --         ;
; MISC_FILE                           ; stopwatch/synthesis/../../stopwatch.qsys                    ; --            ; --                              ; --         ;
; PARTITION_COLOR                     ; 16764057                                                    ; --            ; montre_sys                      ; Top        ;
; PARTITION_FITTER_PRESERVATION_LEVEL ; PLACEMENT_AND_ROUTING                                       ; --            ; montre_sys                      ; Top        ;
; PARTITION_NETLIST_TYPE              ; SOURCE                                                      ; --            ; montre_sys                      ; Top        ;
; POWER_BOARD_THERMAL_MODEL           ; None (CONSERVATIVE)                                         ; --            ; --                              ; --         ;
; POWER_PRESET_COOLING_SOLUTION       ; 23 MM HEAT SINK WITH 200 LFPM AIRFLOW                       ; --            ; --                              ; --         ;
; PROJECT_OUTPUT_DIRECTORY            ; output_files                                                ; --            ; --                              ; --         ;
; SLD_INFO                            ; QSYS_NAME stopwatch HAS_SOPCINFO 1 GENERATION_ID 1571601221 ; --            ; --                              ; --         ;
; SOPCINFO_FILE                       ; stopwatch/synthesis/../../stopwatch.sopcinfo                ; --            ; --                              ; --         ;
; SYNTHESIS_ONLY_QIP                  ; On                                                          ; --            ; --                              ; --         ;
; TOP_LEVEL_ENTITY                    ; montre_sys                                                  ; stopwatch     ; --                              ; --         ;
+-------------------------------------+-------------------------------------------------------------+---------------+---------------------------------+------------+


+-------------------------------------------------------------------------------------------------------------------------------+
; Flow Elapsed Time                                                                                                             ;
+---------------------------+--------------+-------------------------+---------------------+------------------------------------+
; Module Name               ; Elapsed Time ; Average Processors Used ; Peak Virtual Memory ; Total CPU Time (on all processors) ;
+---------------------------+--------------+-------------------------+---------------------+------------------------------------+
; Analysis & Synthesis      ; 00:00:11     ; 1.0                     ; 4749 MB             ; 00:00:11                           ;
; Fitter                    ; 00:00:12     ; 1.0                     ; 4887 MB             ; 00:00:11                           ;
; Assembler                 ; 00:00:01     ; 1.0                     ; 4572 MB             ; 00:00:01                           ;
; TimeQuest Timing Analyzer ; 00:00:01     ; 1.0                     ; 4587 MB             ; 00:00:01                           ;
; Total                     ; 00:00:25     ; --                      ; --                  ; 00:00:24                           ;
+---------------------------+--------------+-------------------------+---------------------+------------------------------------+


+----------------------------------------------------------------------------------------+
; Flow OS Summary                                                                        ;
+---------------------------+------------------+-----------+------------+----------------+
; Module Name               ; Machine Hostname ; OS Name   ; OS Version ; Processor type ;
+---------------------------+------------------+-----------+------------+----------------+
; Analysis & Synthesis      ; LAPTOP-9CRCOBEE  ; Windows 7 ; 6.2        ; x86_64         ;
; Fitter                    ; LAPTOP-9CRCOBEE  ; Windows 7 ; 6.2        ; x86_64         ;
; Assembler                 ; LAPTOP-9CRCOBEE  ; Windows 7 ; 6.2        ; x86_64         ;
; TimeQuest Timing Analyzer ; LAPTOP-9CRCOBEE  ; Windows 7 ; 6.2        ; x86_64         ;
+---------------------------+------------------+-----------+------------+----------------+


------------
; Flow Log ;
------------
quartus_map --read_settings_files=on --write_settings_files=off stopwatch -c stopwatch
quartus_fit --read_settings_files=off --write_settings_files=off stopwatch -c stopwatch
quartus_asm --read_settings_files=off --write_settings_files=off stopwatch -c stopwatch
quartus_sta stopwatch -c stopwatch



